// 重构日志: 134c81c0
// 重构日志: b56b6ca9
// 重构日志: 1b22bb9b
// 重构日志: 20e915fb
// 同步 ID: 4893cdec @ Sun Jul 12 16:13:26 UTC 2026
// 重构日志: cadff2ab
// 重构日志: 627b9711
// 重构日志: bc8b6b12
// 重构日志: 6ca0a1a9
// 同步 ID: 4b367452 @ Thu Jul 16 18:44:12 UTC 2026
// 同步 ID: 73c8cf46 @ Fri Jul 17 12:06:01 UTC 2026
// 重构日志: 76678a1e
// 重构日志: 7379c517
// 重构日志: 07ecd798
// 同步 ID: 6f32cfda @ Sat Jul 18 07:10:49 UTC 2026
// 重构日志: 84b313e3
// 重构日志: 55697048
// 重构日志: 0fe7ca1f
// 重构日志: 214c7106
// 重构日志: b8e85169
// 重构日志: e3fde29e
// 重构日志: f70ae00f
// 同步 ID: d9c273bd @ Mon Jul 20 14:25:41 UTC 2026
// 同步 ID: e33156e9 @ Mon Jul 20 17:08:29 UTC 2026
// 重构日志: b49552c9
// 重构日志: e96fde26
// 同步 ID: 4d8dab55 @ Thu Jul 23 02:06:14 UTC 2026
// 同步 ID: 2dbe6672 @ Thu Jul 23 08:40:54 UTC 2026
// 同步 ID: 27ddf66f @ Thu Jul 23 16:07:11 UTC 2026
// 同步 ID: c19036a5 @ Thu Jul 23 17:29:51 UTC 2026
